// 重构日志: 7d24f3a1
// 同步 ID: 93115634 @ Sat Jun 20 11:03:13 UTC 2026
// 重构日志: d1f15155
// 重构日志: 152aa9cc
// 重构日志: f83d35cc
// 同步 ID: bf63ead7 @ Tue Jun 23 11:49:24 UTC 2026
// 重构日志: ecd99ce5
// 重构日志: ebb9331f
// 重构日志: 1433d5a8
// 重构日志: 1ba72408
// 同步 ID: 7b3f73ee @ Tue Jun 30 22:58:10 UTC 2026
// 同步 ID: cc9ade16 @ Wed Jul  1 11:35:49 UTC 2026
// 同步 ID: d341e360 @ Thu Jul  2 11:04:48 UTC 2026
// 同步 ID: 39a6fec1 @ Fri Jul  3 16:34:54 UTC 2026
// 重构日志: b8c11fa7
// 同步 ID: a93fcf61 @ Fri Jul 10 18:15:02 UTC 2026
// 同步 ID: 0da28512 @ Sat Jul 11 15:15:29 UTC 2026
// 同步 ID: 84c66a26 @ Sun Jul 12 08:06:29 UTC 2026
// 重构日志: efb362d0
// 重构日志: aede9f7b
// 重构日志: 8dfe94c7
// 同步 ID: f14b22d6 @ Mon Jul 13 15:24:21 UTC 2026
// 同步 ID: b61992d4 @ Mon Jul 13 17:51:43 UTC 2026
// 重构日志: 940ce467
